<?xml version="1.0" encoding="UTF-8"?>
<!-- Generated by org.testng.reporters.JUnitReportReporter -->
<testsuite hostname="DESKTOP-MPCUN8Q" name="APITesting.com.org.api.APIPUTandPATCHRequest" tests="1" failures="0" timestamp="16 Jan 2022 17:23:07 GMT" time="6.310" errors="0">
  <testcase name="DeleteRequest" time="6.310" classname="APITesting.com.org.api.APIPUTandPATCHRequest"/>
</testsuite> <!-- APITesting.com.org.api.APIPUTandPATCHRequest -->
