<?xml version="1.0" encoding="UTF-8"?>
<!-- Generated by org.testng.reporters.JUnitReportReporter -->
<testsuite hostname="DESKTOP-MPCUN8Q" name="APITesting.com.org.api.APIPUTRequest" tests="1" failures="0" timestamp="16 Jan 2022 17:17:22 GMT" time="5.906" errors="0">
  <testcase name="PutRequest" time="5.906" classname="APITesting.com.org.api.APIPUTRequest"/>
</testsuite> <!-- APITesting.com.org.api.APIPUTRequest -->
