<?xml version="1.0" encoding="UTF-8"?>
<!-- Generated by org.testng.reporters.JUnitReportReporter -->
<testsuite hostname="DESKTOP-MPCUN8Q" name="APITesting.com.org.api.JasonServerRequestsPOST" tests="1" failures="0" timestamp="24 Feb 2022 08:22:29 GMT" time="3.992" errors="0">
  <testcase name="PostRequestwithJSONObject" time="3.992" classname="APITesting.com.org.api.JasonServerRequestsPOST"/>
</testsuite> <!-- APITesting.com.org.api.JasonServerRequestsPOST -->
