<?xml version="1.0" encoding="UTF-8"?>
<!-- Generated by org.testng.reporters.JUnitReportReporter -->
<testsuite hostname="DESKTOP-MPCUN8Q" name="APITesting.com.org.api.GEtRequestwithrestassuredandjsonpath" tests="3" failures="0" timestamp="24 Feb 2022 05:02:45 GMT" time="7.432" errors="0">
  <testcase name="GetRequestTransferingAPIreponsetootherAPI" time="6.432" classname="APITesting.com.org.api.GEtRequestwithrestassuredandjsonpath"/>
  <testcase name="Getrequestjsonpath" time="0.557" classname="APITesting.com.org.api.GEtRequestwithrestassuredandjsonpath"/>
  <testcase name="GetrequestREALTIMEPROJECTjsonpath" time="0.443" classname="APITesting.com.org.api.GEtRequestwithrestassuredandjsonpath"/>
</testsuite> <!-- APITesting.com.org.api.GEtRequestwithrestassuredandjsonpath -->
