<?xml version="1.0" encoding="UTF-8"?>
<!-- Generated by org.testng.reporters.JUnitReportReporter -->
<testsuite hostname="DESKTOP-MPCUN8Q" name="APITesting.com.org.api.WheatherGETrequest" tests="2" failures="0" timestamp="16 Jan 2022 10:57:35 GMT" time="11.102" errors="0">
  <testcase name="GETREquestwithParameterRaghavZipCode" time="0.735" classname="APITesting.com.org.api.WheatherGETrequest"/>
  <testcase name="GETREquestwithoutParameterUser" time="10.367" classname="APITesting.com.org.api.WheatherGETrequest"/>
</testsuite> <!-- APITesting.com.org.api.WheatherGETrequest -->
