<?xml version="1.0" encoding="UTF-8"?>
<!-- Generated by org.testng.reporters.JUnitReportReporter -->
<testsuite hostname="DESKTOP-MPCUN8Q" name="APITesting.com.org.api.JasonServerRequests" tests="1" failures="0" timestamp="16 Jan 2022 17:01:45 GMT" time="10.885" errors="0">
  <testcase name="PostRequestwithJSONObject" time="10.885" classname="APITesting.com.org.api.JasonServerRequests"/>
</testsuite> <!-- APITesting.com.org.api.JasonServerRequests -->
